Flow report for 385_Final_Project
Thu May 05 00:38:01 2022
Quartus Prime Version 18.1.0 Build 625 09/12/2018 SJ Lite Edition


---------------------
; Table of Contents ;
---------------------
  1. Legal Notice
  2. Flow Summary
  3. Flow Settings
  4. Flow Non-Default Global Settings
  5. Flow Elapsed Time
  6. Flow OS Summary
  7. Flow Log
  8. Flow Messages
  9. Flow Suppressed Messages



----------------
; Legal Notice ;
----------------
Copyright (C) 2018  Intel Corporation. All rights reserved.
Your use of Intel Corporation's design tools, logic functions 
and other software and tools, and its AMPP partner logic 
functions, and any output files from any of the foregoing 
(including device programming or simulation files), and any 
associated documentation or information are expressly subject 
to the terms and conditions of the Intel Program License 
Subscription Agreement, the Intel Quartus Prime License Agreement,
the Intel FPGA IP License Agreement, or other applicable license
agreement, including, without limitation, that your use is for
the sole purpose of programming logic devices manufactured by
Intel and sold by Intel or its authorized distributors.  Please
refer to the applicable agreement for further details.



+----------------------------------------------------------------------------------+
; Flow Summary                                                                     ;
+------------------------------------+---------------------------------------------+
; Flow Status                        ; Successful - Thu May 05 00:38:01 2022       ;
; Quartus Prime Version              ; 18.1.0 Build 625 09/12/2018 SJ Lite Edition ;
; Revision Name                      ; 385_Final_Project                           ;
; Top-level Entity Name              ; labfinaltop                                 ;
; Family                             ; MAX 10                                      ;
; Device                             ; 10M50DAF484C7G                              ;
; Timing Models                      ; Final                                       ;
; Total logic elements               ; 4,097 / 49,760 ( 8 % )                      ;
;     Total combinational functions  ; 3,750 / 49,760 ( 8 % )                      ;
;     Dedicated logic registers      ; 2,229 / 49,760 ( 4 % )                      ;
; Total registers                    ; 2298                                        ;
; Total pins                         ; 141 / 360 ( 39 % )                          ;
; Total virtual pins                 ; 0                                           ;
; Total memory bits                  ; 11,392 / 1,677,312 ( < 1 % )                ;
; Embedded Multiplier 9-bit elements ; 0 / 288 ( 0 % )                             ;
; Total PLLs                         ; 1 / 4 ( 25 % )                              ;
; UFM blocks                         ; 0 / 1 ( 0 % )                               ;
; ADC blocks                         ; 0 / 2 ( 0 % )                               ;
+------------------------------------+---------------------------------------------+


+-----------------------------------------+
; Flow Settings                           ;
+-------------------+---------------------+
; Option            ; Setting             ;
+-------------------+---------------------+
; Start date & time ; 05/05/2022 00:36:05 ;
; Main task         ; Compilation         ;
; Revision Name     ; 385_Final_Project   ;
+-------------------+---------------------+


+----------------------------------------------------------------------------------------------------------------------------------------------------------+
; Flow Non-Default Global Settings                                                                                                                         ;
+-------------------------------------+---------------------------------------------------------------+-------------------+-------------------+------------+
; Assignment Name                     ; Value                                                         ; Default Value     ; Entity Name       ; Section Id ;
+-------------------------------------+---------------------------------------------------------------+-------------------+-------------------+------------+
; COMPILER_SIGNATURE_ID               ; 86678737584397.165172896416088                                ; --                ; --                ; --         ;
; EDA_SIMULATION_TOOL                 ; ModelSim-Altera (SystemVerilog)                               ; <None>            ; --                ; --         ;
; MAX_CORE_JUNCTION_TEMP              ; 85                                                            ; --                ; --                ; --         ;
; MIN_CORE_JUNCTION_TEMP              ; 0                                                             ; --                ; --                ; --         ;
; MISC_FILE                           ; labfinalsoc/synthesis/../labfinalsoc.cmp                      ; --                ; --                ; --         ;
; MISC_FILE                           ; labfinalsoc/synthesis/../../labfinalsoc.qsys                  ; --                ; --                ; --         ;
; OUTPUT_IO_TIMING_FAR_END_VMEAS      ; Half Signal Swing                                             ; --                ; --                ; --         ;
; OUTPUT_IO_TIMING_FAR_END_VMEAS      ; Half Signal Swing                                             ; --                ; --                ; --         ;
; OUTPUT_IO_TIMING_NEAR_END_VMEAS     ; Half Vccio                                                    ; --                ; --                ; --         ;
; OUTPUT_IO_TIMING_NEAR_END_VMEAS     ; Half Vccio                                                    ; --                ; --                ; --         ;
; PARTITION_COLOR                     ; -- (Not supported for targeted family)                        ; --                ; DE10_LITE_Default ; Top        ;
; PARTITION_COLOR                     ; -- (Not supported for targeted family)                        ; --                ; labfinaltop       ; Top        ;
; PARTITION_FITTER_PRESERVATION_LEVEL ; -- (Not supported for targeted family)                        ; --                ; DE10_LITE_Default ; Top        ;
; PARTITION_FITTER_PRESERVATION_LEVEL ; -- (Not supported for targeted family)                        ; --                ; labfinaltop       ; Top        ;
; PARTITION_NETLIST_TYPE              ; -- (Not supported for targeted family)                        ; --                ; DE10_LITE_Default ; Top        ;
; PARTITION_NETLIST_TYPE              ; -- (Not supported for targeted family)                        ; --                ; labfinaltop       ; Top        ;
; POWER_BOARD_THERMAL_MODEL           ; None (CONSERVATIVE)                                           ; --                ; --                ; --         ;
; POWER_PRESET_COOLING_SOLUTION       ; 23 MM HEAT SINK WITH 200 LFPM AIRFLOW                         ; --                ; --                ; --         ;
; PROJECT_OUTPUT_DIRECTORY            ; output_files                                                  ; --                ; --                ; --         ;
; SLD_FILE                            ; labfinalsoc/synthesis/labfinalsoc.regmap                      ; --                ; --                ; --         ;
; SLD_FILE                            ; labfinalsoc/synthesis/labfinalsoc.debuginfo                   ; --                ; --                ; --         ;
; SLD_INFO                            ; QSYS_NAME labfinalsoc HAS_SOPCINFO 1 GENERATION_ID 1651728925 ; --                ; labfinalsoc       ; --         ;
; SOPCINFO_FILE                       ; labfinalsoc/synthesis/../../labfinalsoc.sopcinfo              ; --                ; --                ; --         ;
; SYNTHESIS_ONLY_QIP                  ; On                                                            ; --                ; --                ; --         ;
; TOP_LEVEL_ENTITY                    ; labfinaltop                                                   ; 385_Final_Project ; --                ; --         ;
+-------------------------------------+---------------------------------------------------------------+-------------------+-------------------+------------+


+--------------------------------------------------------------------------------------------------------------------------+
; Flow Elapsed Time                                                                                                        ;
+----------------------+--------------+-------------------------+---------------------+------------------------------------+
; Module Name          ; Elapsed Time ; Average Processors Used ; Peak Virtual Memory ; Total CPU Time (on all processors) ;
+----------------------+--------------+-------------------------+---------------------+------------------------------------+
; Analysis & Synthesis ; 00:00:59     ; 1.0                     ; 5024 MB             ; 00:01:28                           ;
; Fitter               ; 00:00:29     ; 1.4                     ; 5717 MB             ; 00:00:40                           ;
; Assembler            ; 00:00:05     ; 1.0                     ; 4702 MB             ; 00:00:04                           ;
; Timing Analyzer      ; 00:00:08     ; 1.8                     ; 4884 MB             ; 00:00:11                           ;
; EDA Netlist Writer   ; 00:00:04     ; 1.0                     ; 4728 MB             ; 00:00:03                           ;
; Total                ; 00:01:45     ; --                      ; --                  ; 00:02:26                           ;
+----------------------+--------------+-------------------------+---------------------+------------------------------------+


+------------------------------------------------------------------------------------+
; Flow OS Summary                                                                    ;
+----------------------+------------------+------------+------------+----------------+
; Module Name          ; Machine Hostname ; OS Name    ; OS Version ; Processor type ;
+----------------------+------------------+------------+------------+----------------+
; Analysis & Synthesis ; DESKTOP-GCFU56J  ; Windows 10 ; 10.0       ; x86_64         ;
; Fitter               ; DESKTOP-GCFU56J  ; Windows 10 ; 10.0       ; x86_64         ;
; Assembler            ; DESKTOP-GCFU56J  ; Windows 10 ; 10.0       ; x86_64         ;
; Timing Analyzer      ; DESKTOP-GCFU56J  ; Windows 10 ; 10.0       ; x86_64         ;
; EDA Netlist Writer   ; DESKTOP-GCFU56J  ; Windows 10 ; 10.0       ; x86_64         ;
+----------------------+------------------+------------+------------+----------------+


------------
; Flow Log ;
------------
quartus_map --read_settings_files=on --write_settings_files=off 385_Final_Project -c 385_Final_Project
quartus_fit --read_settings_files=off --write_settings_files=off 385_Final_Project -c 385_Final_Project
quartus_asm --read_settings_files=off --write_settings_files=off 385_Final_Project -c 385_Final_Project
quartus_sta 385_Final_Project -c 385_Final_Project
quartus_eda --read_settings_files=off --write_settings_files=off 385_Final_Project -c 385_Final_Project



