16:39:57 **** Incremental Build of configuration Nios II for project 385final ****
make all 
Info: Building ../385final_bsp/
C:/intelFPGA_lite/18.1/nios2eds/bin/gnu/H-x86_64-mingw32/bin/make --no-print-directory -C ../385final_bsp/
[BSP build complete]
Info: Compiling main.c to obj/default/main.o
nios2-elf-gcc -xc -MP -MMD -c -I../385final_bsp//HAL/inc -I../385final_bsp/ -I../385final_bsp//drivers/inc  -pipe -D__hal__ -DALT_NO_INSTRUCTION_EMULATION -DALT_SINGLE_THREADED    -O0 -g -Wall   -mno-hw-div -mno-hw-mul -mno-hw-mulx -mgpopt=global  -o obj/default/main.o main.c
main.c: In function 'main':
main.c:136:2: warning: implicit declaration of function 'srand' [-Wimplicit-function-declaration]
  srand(NULL);
  ^
In file included from main.c:7:0:
../385final_bsp/system.h:438:24: warning: initialization makes pointer from integer without a cast [-Wint-conversion]
 #define PIECE_PIO_BASE 0x190
                        ^
main.c:149:37: note: in expansion of macro 'PIECE_PIO_BASE'
  volatile unsigned int *piece_ptr = PIECE_PIO_BASE;
                                     ^
main.c:155:23: warning: implicit declaration of function 'rand' [-Wimplicit-function-declaration]
   *random_noise_ptr = rand();
                       ^
main.c:146:7: warning: unused variable 'whichtype' [-Wunused-variable]
  BYTE whichtype = 0;
       ^
main.c:145:7: warning: unused variable 'whichpiece' [-Wunused-variable]
  BYTE whichpiece = 0;
       ^
main.c:144:7: warning: unused variable 'keycode' [-Wunused-variable]
  WORD keycode;
       ^
Info: Linking 385final.elf
nios2-elf-g++  -T'../385final_bsp//linker.x' -msys-crt0='../385final_bsp//obj/HAL/src/crt0.o' -msys-lib=hal_bsp -L../385final_bsp/   -Wl,-Map=385final.map   -O0 -g -Wall   -mno-hw-div -mno-hw-mul -mno-hw-mulx -mgpopt=global  -o 385final.elf obj/default/main.o obj/default/usb_kb/HID.o obj/default/usb_kb/MAX3421E.o obj/default/usb_kb/transfer.o -lm -msys-lib=m
nios2-elf-insert 385final.elf --thread_model hal --cpu_name nios2_gen2_0 --qsys true --simulation_enabled false --id 0 --sidp 0x210 --timestamp 1651955330 --stderr_dev jtag_uart --stdin_dev jtag_uart --stdout_dev jtag_uart --sopc_system_name labfinalsoc --quartus_project_dir "C:/Users/Connie/Desktop/385_Final_Project" --jdi ../..//output_files/385_Final_Project.jdi --sopcinfo C:/Users/Connie/Desktop/385_Final_Project/software/385final_bsp/../../labfinalsoc.sopcinfo
Info: (385final.elf) 83 KBytes program size (code + initialized data).
Info:                65446 KBytes free for stack + heap.
Info: Creating 385final.objdump
nios2-elf-objdump --disassemble --syms --all-header --source 385final.elf >385final.objdump
[385final build complete]

16:40:00 Build Finished (took 3s.252ms)

